<?xml version="1.0" encoding="UTF-8"?>
<!-- Generated by org.testng.reporters.JUnitXMLReporter -->
<testsuite ignored="3" hostname="Prathameshs-MacBook-Air.local" failures="0" tests="6" name="Test" time="60.358" errors="0" timestamp="2024-10-04T02:12:41 IST">
  <testcase classname="Entrata.Assessment.tests.HeaderNavigationTests" name="verifyHeaderNavigations1" time="3.714"/>
  <testcase classname="Entrata.Assessment.tests.HeaderNavigationTests" name="verifyHeaderNavigations2" time="4.095"/>
  <testcase classname="Entrata.Assessment.tests.HeaderNavigationTests" name="verifyHeaderNavigations3" time="6.585"/>
  <testcase classname="Entrata.Assessment.tests.PropertyManagerSignInTest" name="PropertyManagerSignIn" time="3.133"/>
  <testcase classname="Entrata.Assessment.tests.BrokenLinkTest" name="VerifyBrokenLinks" time="12.585"/>
  <testcase classname="Entrata.Assessment.tests.WatchDemoTest" name="verifyWatchDemoForm" time="1.586"/>
  <testcase classname="Entrata.Assessment.core.BaseClass" name="@BeforeTest beforeTestMethod" time="0.0">
    <ignored/>
  </testcase> <!-- @BeforeTest beforeTestMethod -->
  <testcase classname="Entrata.Assessment.core.BaseClass" name="@BeforeTest beforeTestMethod" time="0.0">
    <ignored/>
  </testcase> <!-- @BeforeTest beforeTestMethod -->
  <testcase classname="Entrata.Assessment.core.BaseClass" name="@BeforeTest beforeTestMethod" time="0.0">
    <ignored/>
  </testcase> <!-- @BeforeTest beforeTestMethod -->
</testsuite> <!-- Test -->
