<?xml version="1.0" encoding="UTF-8"?>
<testng-results ignored="0" total="6" passed="6" failed="0" skipped="0">
  <reporter-output>
  </reporter-output>
  <suite started-at="2024-10-04T02:11:41 IST" name="Suite" finished-at="2024-10-04T02:12:41 IST" duration-ms="60358">
    <groups>
    </groups>
    <test started-at="2024-10-04T02:11:41 IST" name="Test" finished-at="2024-10-04T02:12:41 IST" duration-ms="60358">
      <class name="Entrata.Assessment.tests.WatchDemoTest">
        <test-method is-config="true" signature="beforeMethodMethod(java.lang.String)[pri:0, instance:Entrata.Assessment.tests.WatchDemoTest@c8c12ac]" started-at="2024-10-04T02:12:36 IST" name="beforeMethodMethod" finished-at="2024-10-04T02:12:39 IST" duration-ms="3504" status="PASS">
          <params>
            <param index="0">
              <value>
                <![CDATA[chrome]]>
              </value>
            </param>
          </params>
          <reporter-output>
          </reporter-output>
        </test-method> <!-- beforeMethodMethod -->
        <test-method signature="verifyWatchDemoForm()[pri:1, instance:Entrata.Assessment.tests.WatchDemoTest@c8c12ac]" started-at="2024-10-04T02:12:39 IST" name="verifyWatchDemoForm" finished-at="2024-10-04T02:12:41 IST" duration-ms="1586" status="PASS">
          <reporter-output>
          </reporter-output>
        </test-method> <!-- verifyWatchDemoForm -->
        <test-method is-config="true" signature="afterMethodMethod()[pri:0, instance:Entrata.Assessment.tests.WatchDemoTest@c8c12ac]" started-at="2024-10-04T02:12:41 IST" name="afterMethodMethod" finished-at="2024-10-04T02:12:41 IST" duration-ms="107" status="PASS">
          <reporter-output>
          </reporter-output>
        </test-method> <!-- afterMethodMethod -->
      </class> <!-- Entrata.Assessment.tests.WatchDemoTest -->
      <class name="Entrata.Assessment.tests.BrokenLinkTest">
        <test-method is-config="true" signature="beforeMethodMethod(java.lang.String)[pri:0, instance:Entrata.Assessment.tests.BrokenLinkTest@1623b78d]" started-at="2024-10-04T02:12:19 IST" name="beforeMethodMethod" finished-at="2024-10-04T02:12:23 IST" duration-ms="3337" status="PASS">
          <params>
            <param index="0">
              <value>
                <![CDATA[chrome]]>
              </value>
            </param>
          </params>
          <reporter-output>
          </reporter-output>
        </test-method> <!-- beforeMethodMethod -->
        <test-method signature="VerifyBrokenLinks()[pri:0, instance:Entrata.Assessment.tests.BrokenLinkTest@1623b78d]" started-at="2024-10-04T02:12:23 IST" name="VerifyBrokenLinks" finished-at="2024-10-04T02:12:35 IST" duration-ms="12585" status="PASS">
          <reporter-output>
          </reporter-output>
        </test-method> <!-- VerifyBrokenLinks -->
        <test-method is-config="true" signature="afterMethodMethod()[pri:0, instance:Entrata.Assessment.tests.BrokenLinkTest@1623b78d]" started-at="2024-10-04T02:12:36 IST" name="afterMethodMethod" finished-at="2024-10-04T02:12:36 IST" duration-ms="100" status="PASS">
          <reporter-output>
          </reporter-output>
        </test-method> <!-- afterMethodMethod -->
      </class> <!-- Entrata.Assessment.tests.BrokenLinkTest -->
      <class name="Entrata.Assessment.tests.HeaderNavigationTests">
        <test-method is-config="true" signature="beforeTestMethod()[pri:0, instance:Entrata.Assessment.tests.HeaderNavigationTests@158d2680]" started-at="2024-10-04T02:11:41 IST" name="beforeTestMethod" finished-at="2024-10-04T02:11:41 IST" duration-ms="219" status="PASS">
          <reporter-output>
          </reporter-output>
        </test-method> <!-- beforeTestMethod -->
        <test-method is-config="true" signature="beforeMethodMethod(java.lang.String)[pri:0, instance:Entrata.Assessment.tests.HeaderNavigationTests@158d2680]" started-at="2024-10-04T02:11:41 IST" name="beforeMethodMethod" finished-at="2024-10-04T02:11:50 IST" duration-ms="9591" status="PASS">
          <params>
            <param index="0">
              <value>
                <![CDATA[chrome]]>
              </value>
            </param>
          </params>
          <reporter-output>
          </reporter-output>
        </test-method> <!-- beforeMethodMethod -->
        <test-method signature="verifyHeaderNavigations1()[pri:3, instance:Entrata.Assessment.tests.HeaderNavigationTests@158d2680]" started-at="2024-10-04T02:11:50 IST" name="verifyHeaderNavigations1" finished-at="2024-10-04T02:11:54 IST" duration-ms="3714" status="PASS">
          <reporter-output>
          </reporter-output>
        </test-method> <!-- verifyHeaderNavigations1 -->
        <test-method is-config="true" signature="afterMethodMethod()[pri:0, instance:Entrata.Assessment.tests.HeaderNavigationTests@158d2680]" started-at="2024-10-04T02:11:54 IST" name="afterMethodMethod" finished-at="2024-10-04T02:11:54 IST" duration-ms="115" status="PASS">
          <reporter-output>
          </reporter-output>
        </test-method> <!-- afterMethodMethod -->
        <test-method is-config="true" signature="beforeMethodMethod(java.lang.String)[pri:0, instance:Entrata.Assessment.tests.HeaderNavigationTests@158d2680]" started-at="2024-10-04T02:11:54 IST" name="beforeMethodMethod" finished-at="2024-10-04T02:11:58 IST" duration-ms="3851" status="PASS">
          <params>
            <param index="0">
              <value>
                <![CDATA[chrome]]>
              </value>
            </param>
          </params>
          <reporter-output>
          </reporter-output>
        </test-method> <!-- beforeMethodMethod -->
        <test-method signature="verifyHeaderNavigations2()[pri:4, instance:Entrata.Assessment.tests.HeaderNavigationTests@158d2680]" started-at="2024-10-04T02:11:58 IST" name="verifyHeaderNavigations2" finished-at="2024-10-04T02:12:02 IST" duration-ms="4095" status="PASS">
          <reporter-output>
          </reporter-output>
        </test-method> <!-- verifyHeaderNavigations2 -->
        <test-method is-config="true" signature="afterMethodMethod()[pri:0, instance:Entrata.Assessment.tests.HeaderNavigationTests@158d2680]" started-at="2024-10-04T02:12:02 IST" name="afterMethodMethod" finished-at="2024-10-04T02:12:03 IST" duration-ms="110" status="PASS">
          <reporter-output>
          </reporter-output>
        </test-method> <!-- afterMethodMethod -->
        <test-method is-config="true" signature="beforeMethodMethod(java.lang.String)[pri:0, instance:Entrata.Assessment.tests.HeaderNavigationTests@158d2680]" started-at="2024-10-04T02:12:03 IST" name="beforeMethodMethod" finished-at="2024-10-04T02:12:06 IST" duration-ms="3579" status="PASS">
          <params>
            <param index="0">
              <value>
                <![CDATA[chrome]]>
              </value>
            </param>
          </params>
          <reporter-output>
          </reporter-output>
        </test-method> <!-- beforeMethodMethod -->
        <test-method signature="verifyHeaderNavigations3()[pri:5, instance:Entrata.Assessment.tests.HeaderNavigationTests@158d2680]" started-at="2024-10-04T02:12:06 IST" name="verifyHeaderNavigations3" finished-at="2024-10-04T02:12:13 IST" duration-ms="6585" status="PASS">
          <reporter-output>
          </reporter-output>
        </test-method> <!-- verifyHeaderNavigations3 -->
        <test-method is-config="true" signature="afterMethodMethod()[pri:0, instance:Entrata.Assessment.tests.HeaderNavigationTests@158d2680]" started-at="2024-10-04T02:12:13 IST" name="afterMethodMethod" finished-at="2024-10-04T02:12:13 IST" duration-ms="117" status="PASS">
          <reporter-output>
          </reporter-output>
        </test-method> <!-- afterMethodMethod -->
      </class> <!-- Entrata.Assessment.tests.HeaderNavigationTests -->
      <class name="Entrata.Assessment.tests.PropertyManagerSignInTest">
        <test-method is-config="true" signature="beforeMethodMethod(java.lang.String)[pri:0, instance:Entrata.Assessment.tests.PropertyManagerSignInTest@5c33f1a9]" started-at="2024-10-04T02:12:13 IST" name="beforeMethodMethod" finished-at="2024-10-04T02:12:16 IST" duration-ms="3139" status="PASS">
          <params>
            <param index="0">
              <value>
                <![CDATA[chrome]]>
              </value>
            </param>
          </params>
          <reporter-output>
          </reporter-output>
        </test-method> <!-- beforeMethodMethod -->
        <test-method signature="PropertyManagerSignIn()[pri:2, instance:Entrata.Assessment.tests.PropertyManagerSignInTest@5c33f1a9]" started-at="2024-10-04T02:12:16 IST" name="PropertyManagerSignIn" finished-at="2024-10-04T02:12:19 IST" duration-ms="3133" status="PASS">
          <reporter-output>
          </reporter-output>
        </test-method> <!-- PropertyManagerSignIn -->
        <test-method is-config="true" signature="afterMethodMethod()[pri:0, instance:Entrata.Assessment.tests.PropertyManagerSignInTest@5c33f1a9]" started-at="2024-10-04T02:12:19 IST" name="afterMethodMethod" finished-at="2024-10-04T02:12:19 IST" duration-ms="103" status="PASS">
          <reporter-output>
          </reporter-output>
        </test-method> <!-- afterMethodMethod -->
      </class> <!-- Entrata.Assessment.tests.PropertyManagerSignInTest -->
    </test> <!-- Test -->
  </suite> <!-- Suite -->
</testng-results>
